<?xml version="1.0" encoding="UTF-8"?>
<testsuite xmlns:xsi="http://www.w3.org/2001/XMLSchema-instance" xsi:noNamespaceSchemaLocation="https://maven.apache.org/surefire/maven-surefire-plugin/xsd/surefire-test-report.xsd" name="com.fang.AppTest" time="0.057" tests="1" errors="0" skipped="0" failures="0">
  <properties>
    <property name="sun.desktop" value="windows"/>
    <property name="awt.toolkit" value="sun.awt.windows.WToolkit"/>
    <property name="file.encoding.pkg" value="sun.io"/>
    <property name="java.specification.version" value="1.8"/>
    <property name="sun.cpu.isalist" value="amd64"/>
    <property name="sun.jnu.encoding" value="GBK"/>
    <property name="java.class.path" value="F:\homework\maven_01\parent\model\target\test-classes;F:\homework\maven_01\parent\model\target\classes;F:\xc\repository3\junit\junit\4.11\junit-4.11.jar;F:\xc\repository3\org\hamcrest\hamcrest-core\1.3\hamcrest-core-1.3.jar;"/>
    <property name="java.vm.vendor" value="Oracle Corporation"/>
    <property name="sun.arch.data.model" value="64"/>
    <property name="user.variant" value=""/>
    <property name="java.vendor.url" value="http://java.oracle.com/"/>
    <property name="user.timezone" value=""/>
    <property name="java.vm.specification.version" value="1.8"/>
    <property name="os.name" value="Windows 7"/>
    <property name="user.country" value="CN"/>
    <property name="sun.java.launcher" value="SUN_STANDARD"/>
    <property name="sun.boot.library.path" value="F:\develop\Java\jdk1.8.0_181\jre\bin"/>
    <property name="sun.java.command" value="C:\Users\fang\AppData\Local\Temp\surefire7905899383304450748\surefirebooter4885293913751846055.jar C:\Users\fang\AppData\Local\Temp\surefire7905899383304450748 2018-12-12T21-58-15_972-jvmRun1 surefire8618489191113709298tmp surefire_04636018681956330810tmp"/>
    <property name="surefire.test.class.path" value="F:\homework\maven_01\parent\model\target\test-classes;F:\homework\maven_01\parent\model\target\classes;F:\xc\repository3\junit\junit\4.11\junit-4.11.jar;F:\xc\repository3\org\hamcrest\hamcrest-core\1.3\hamcrest-core-1.3.jar;"/>
    <property name="sun.cpu.endian" value="little"/>
    <property name="user.home" value="C:\Users\fang"/>
    <property name="user.language" value="zh"/>
    <property name="java.specification.vendor" value="Oracle Corporation"/>
    <property name="java.home" value="F:\develop\Java\jdk1.8.0_181\jre"/>
    <property name="basedir" value="F:\homework\maven_01\parent\model"/>
    <property name="file.separator" value="\"/>
    <property name="line.separator" value="&#10;"/>
    <property name="java.vm.specification.vendor" value="Oracle Corporation"/>
    <property name="java.specification.name" value="Java Platform API Specification"/>
    <property name="java.awt.graphicsenv" value="sun.awt.Win32GraphicsEnvironment"/>
    <property name="surefire.real.class.path" value="C:\Users\fang\AppData\Local\Temp\surefire7905899383304450748\surefirebooter4885293913751846055.jar"/>
    <property name="sun.boot.class.path" value="F:\develop\Java\jdk1.8.0_181\jre\lib\resources.jar;F:\develop\Java\jdk1.8.0_181\jre\lib\rt.jar;F:\develop\Java\jdk1.8.0_181\jre\lib\sunrsasign.jar;F:\develop\Java\jdk1.8.0_181\jre\lib\jsse.jar;F:\develop\Java\jdk1.8.0_181\jre\lib\jce.jar;F:\develop\Java\jdk1.8.0_181\jre\lib\charsets.jar;F:\develop\Java\jdk1.8.0_181\jre\lib\jfr.jar;F:\develop\Java\jdk1.8.0_181\jre\classes"/>
    <property name="user.script" value=""/>
    <property name="sun.management.compiler" value="HotSpot 64-Bit Tiered Compilers"/>
    <property name="java.runtime.version" value="1.8.0_181-b13"/>
    <property name="user.name" value="fang"/>
    <property name="path.separator" value=";"/>
    <property name="os.version" value="6.1"/>
    <property name="java.endorsed.dirs" value="F:\develop\Java\jdk1.8.0_181\jre\lib\endorsed"/>
    <property name="java.runtime.name" value="Java(TM) SE Runtime Environment"/>
    <property name="file.encoding" value="GBK"/>
    <property name="java.vm.name" value="Java HotSpot(TM) 64-Bit Server VM"/>
    <property name="localRepository" value="F:\xc\repository3"/>
    <property name="java.vendor.url.bug" value="http://bugreport.sun.com/bugreport/"/>
    <property name="java.io.tmpdir" value="C:\Users\fang\AppData\Local\Temp\"/>
    <property name="java.version" value="1.8.0_181"/>
    <property name="user.dir" value="F:\homework\maven_01\parent\model"/>
    <property name="os.arch" value="amd64"/>
    <property name="java.vm.specification.name" value="Java Virtual Machine Specification"/>
    <property name="java.awt.printerjob" value="sun.awt.windows.WPrinterJob"/>
    <property name="sun.os.patch.level" value="Service Pack 1"/>
    <property name="java.library.path" value="F:\develop\Java\jdk1.8.0_181\jre\bin;C:\Windows\Sun\Java\bin;C:\Windows\system32;C:\Windows;E:\javaee\Git\cmd;F:\develop\Java\jdk1.8.0_181\bin;\Program Files (x86)\NVIDIA Corporation\PhysX\Common;C:\Windows\system32;C:\Windows;C:\Windows\System32\Wbem;C:\Windows\System32\WindowsPowerShell\v1.0\;C:\Program Files\WIDCOMM\Bluetooth Software\;C:\Program Files\WIDCOMM\Bluetooth Software\syswow64;c:\Program Files (x86)\Microsoft SQL Server\100\Tools\Binn\;c:\Program Files\Microsoft SQL Server\100\Tools\Binn\;c:\Program Files\Microsoft SQL Server\100\DTS\Binn\;C:\Program Files (x86)\MySQL\MySQL Server 5.5\bin;C:\Program Files\VisualSVN Server\bin;C:\Program Files\TortoiseSVN\bin;F:\develop\apache-maven-3.5.4\bin;E:\javaee\Git\cmd;E:\Program Files\bin;F:\develop\tool\node.js\;F:\develop\tool\node.js\npm_modules;D:\OpenCV2.2\bin;C:\Users\fang\AppData\Roaming\npm;.;;.;;."/>
    <property name="java.vm.info" value="mixed mode"/>
    <property name="java.vendor" value="Oracle Corporation"/>
    <property name="java.vm.version" value="25.181-b13"/>
    <property name="java.ext.dirs" value="F:\develop\Java\jdk1.8.0_181\jre\lib\ext;C:\Windows\Sun\Java\lib\ext"/>
    <property name="sun.io.unicode.encoding" value="UnicodeLittle"/>
    <property name="java.class.version" value="52.0"/>
  </properties>
  <testcase name="shouldAnswerWithTrue" classname="com.fang.AppTest" time="0.002"/>
</testsuite>